1669809414612:user login
1669809449954:user register Mate asd
1669809456105:user login Mate asd
1669809464005:user logout
1669809476012:admin login admin admin
1669809483219:user login admin admin
1669809488187:user login asd asd
1669809562567:logout
1669809564653:log out
1669809567202:user logout
1669809570631:sign in
1669810074033:sign in asd asd
1669810085234:sign in priviliged asd asd
1669810092625:sign in priviliged admin admin
1669810095670:sign out
1669810212916:sign in priviliged admin admin
1669810221115:describe account
1669810228789:sign out
1669810231159:describe account
1669810423487:exit
1669843725994:sign in admin admin
1669843740542:describe account
1669843749464:sign in priviliged
1669843754178:sign in priviliged admin admin
1669843764626:siogn out
1669843765835:sign out
1669843772547:sign in priviliged user user
1669843785917:exit
1669843950455:quit
1669847599880:exit
1669853714320:sign in admin admin
1669853720848:sign in priviliged admin admin
1669853822822:create movie Sátántangó dráma 450
1669853835629:update movie Sátántangó krimi 420
1669853845814:list movies
1669853870372:create movie "Spirited Away" animation 125
1669853874269:list movies
1669853894800:exit
1669854084744:list
1669854088172:list movies
1669889412962:sign in priviliged admin admin
1669889825506:describe account
1669889903798:sign in priviliged admin admin
1669889907121:describe account
